#
# There is insufficient memory for the Java Runtime Environment to continue.
# Native memory allocation (mmap) failed to map 12582912 bytes for Failed to commit area from 0x00000000c5200000 to 0x00000000c5e00000 of length 12582912.
# Possible reasons:
#   The system is out of physical RAM or swap space
#   The process is running with CompressedOops enabled, and the Java Heap may be blocking the growth of the native heap
# Possible solutions:
#   Reduce memory load on the system
#   Increase physical memory or swap space
#   Check if swap backing store is full
#   Decrease Java heap size (-Xmx/-Xms)
#   Decrease number of Java threads
#   Decrease Java thread stack sizes (-Xss)
#   Set larger code cache with -XX:ReservedCodeCacheSize=
#   JVM is running with Unscaled Compressed Oops mode in which the Java heap is
#     placed in the first 4GB address space. The Java Heap base address is the
#     maximum limit for the native heap growth. Please use -XX:HeapBaseMinAddress
#     to set the Java Heap base and to place the Java Heap above 4GB virtual address.
# This output file may be truncated or incomplete.
#
#  Out of Memory Error (./open/src/hotspot/os/windows/os_windows.cpp:3315), pid=17020, tid=6780
#
# JRE version: Java(TM) SE Runtime Environment (14.0.2+12) (build 14.0.2+12-46)
# Java VM: Java HotSpot(TM) 64-Bit Server VM (14.0.2+12-46, mixed mode, sharing, tiered, compressed oops, g1 gc, windows-amd64)
# No core dump will be written. Minidumps are not enabled by default on client versions of Windows
#

---------------  S U M M A R Y ------------

Command Line: -Dcom.sun.management.jmxremote -Dcom.sun.management.jmxremote.port=57344 -Dcom.sun.management.jmxremote.authenticate=false -Dcom.sun.management.jmxremote.ssl=false -Djava.rmi.server.hostname=localhost -Dspring.jmx.enabled=true -Dspring.application.admin.enabled=true -Xverify:none -XX:TieredStopAtLevel=1 -Dspring.boot.project.name=SistemaEgressos -Dfile.encoding=UTF-8 br.com.egressos.SistemaEgressosApplication --spring.output.ansi.enabled=always

Host: Intel(R) Core(TM) i5-5200U CPU @ 2.20GHz, 4 cores, 3G,  Windows 10 , 64 bit Build 18362 (10.0.18362.1082)
Time: Wed Sep 23 14:36:47 2020 Hora oficial do Brasil elapsed time: 4 seconds (0d 0h 0m 4s)

---------------  T H R E A D  ---------------

Current thread (0x000002609f875000):  VMThread "VM Thread" [stack: 0x000000aff6f00000,0x000000aff7000000] [id=6780]

Stack: [0x000000aff6f00000,0x000000aff7000000]
[error occurred during error reporting (printing stack bounds), id 0xc0000005, EXCEPTION_ACCESS_VIOLATION (0xc0000005) at pc=0x000002608b7810ad]

Native frames: (J=compiled Java code, j=interpreted, Vv=VM code, C=native code)
V  [jvm.dll+0x5f8a9a]
V  [jvm.dll+0x74247a]
V  [jvm.dll+0x743c2f]
V  [jvm.dll+0x7441d5]
V  [jvm.dll+0x74418b]
V  [jvm.dll+0x5f7f6f]
V  [jvm.dll+0x5f8738]
C  [ntdll.dll+0xa11cf]
C  [ntdll.dll+0x6a209]
C  [ntdll.dll+0x9fe3e]
C  0x000002608b7810ad

VM_Operation (0x000000aff85f5960): G1CollectForAllocation, mode: safepoint, requested by thread 0x00000260a0ba0800


---------------  P R O C E S S  ---------------

Threads class SMR info:
_java_thread_list=0x00000260a2259ec0, length=20, elements={
0x00000260817ca800, 0x000002609f87a000, 0x000002609f87b000, 0x000002609f897000,
0x000002609f89a000, 0x000002609f89b800, 0x000002609f8ac000, 0x000002609f8ae000,
0x00000260a0298000, 0x00000260a02c8800, 0x00000260a072d800, 0x00000260a071f800,
0x00000260a0766800, 0x00000260a0830000, 0x00000260a0a44800, 0x00000260a0a45000,
0x00000260a0abc800, 0x00000260a0b98000, 0x00000260a0ba0800, 0x00000260a0ba2000
}

Java Threads: ( => current thread )
  0x00000260817ca800 JavaThread "main" [_thread_blocked, id=17132, stack(0x000000aff6900000,0x000000aff6a00000)]
  0x000002609f87a000 JavaThread "Reference Handler" daemon [_thread_blocked, id=15972, stack(0x000000aff7000000,0x000000aff7100000)]
  0x000002609f87b000 JavaThread "Finalizer" daemon [_thread_blocked, id=352, stack(0x000000aff7100000,0x000000aff7200000)]
  0x000002609f897000 JavaThread "Signal Dispatcher" daemon [_thread_blocked, id=17808, stack(0x000000aff7200000,0x000000aff7300000)]
  0x000002609f89a000 JavaThread "Attach Listener" daemon [_thread_blocked, id=18340, stack(0x000000aff7300000,0x000000aff7400000)]
  0x000002609f89b800 JavaThread "Service Thread" daemon [_thread_blocked, id=13428, stack(0x000000aff7400000,0x000000aff7500000)]
  0x000002609f8ac000 JavaThread "C1 CompilerThread0" daemon [_thread_blocked, id=17508, stack(0x000000aff7500000,0x000000aff7600000)]
  0x000002609f8ae000 JavaThread "Sweeper thread" daemon [_thread_blocked, id=14724, stack(0x000000aff7600000,0x000000aff7700000)]
  0x00000260a0298000 JavaThread "Common-Cleaner" daemon [_thread_blocked, id=8928, stack(0x000000aff7700000,0x000000aff7800000)]
  0x00000260a02c8800 JavaThread "Notification Thread" daemon [_thread_blocked, id=12628, stack(0x000000aff7800000,0x000000aff7900000)]
  0x00000260a072d800 JavaThread "RMI TCP Accept-0" daemon [_thread_in_native, id=12624, stack(0x000000aff7900000,0x000000aff7a00000)]
  0x00000260a071f800 JavaThread "RMI TCP Accept-57344" daemon [_thread_in_native, id=16008, stack(0x000000aff7a00000,0x000000aff7b00000)]
  0x00000260a0766800 JavaThread "RMI TCP Accept-0" daemon [_thread_in_native, id=17036, stack(0x000000aff7b00000,0x000000aff7c00000)]
  0x00000260a0830000 JavaThread "RMI TCP Connection(1)-127.0.0.1" daemon [_thread_in_native, id=476, stack(0x000000aff8000000,0x000000aff8100000)]
  0x00000260a0a44800 JavaThread "RMI Scheduler(0)" daemon [_thread_blocked, id=16112, stack(0x000000aff8100000,0x000000aff8200000)]
  0x00000260a0a45000 JavaThread "RMI TCP Connection(2)-127.0.0.1" daemon [_thread_in_native, id=17420, stack(0x000000aff8200000,0x000000aff8300000)]
  0x00000260a0abc800 JavaThread "JMX server connection timeout 20" daemon [_thread_blocked, id=11976, stack(0x000000aff8300000,0x000000aff8400000)]
  0x00000260a0b98000 JavaThread "Thread-0" [_thread_blocked, id=18020, stack(0x000000aff8400000,0x000000aff8500000)]
  0x00000260a0ba0800 JavaThread "restartedMain" [_thread_blocked, id=8824, stack(0x000000aff8500000,0x000000aff8600000)]
  0x00000260a0ba2000 JavaThread "mysql-cj-abandoned-connection-cleanup" daemon [_thread_blocked, id=14964, stack(0x000000aff8600000,0x000000aff8700000)]

Other Threads:
=>0x000002609f875000 VMThread "VM Thread" [stack: 0x000000aff6f00000,0x000000aff7000000] [id=6780]
  0x00000260a076f000 WatcherThread [stack: 0x000000aff7c00000,0x000000aff7d00000] [id=11124]
  0x00000260817fe000 GCTaskThread "GC Thread#0" [stack: 0x000000aff6a00000,0x000000aff6b00000] [id=13100]
  0x00000260a0780000 GCTaskThread "GC Thread#1" [stack: 0x000000aff7d00000,0x000000aff7e00000] [id=4748]
  0x00000260a0c51000 GCTaskThread "GC Thread#2" [stack: 0x000000aff8700000,0x000000aff8800000] [id=7948]
  0x00000260a0c51800 GCTaskThread "GC Thread#3" [stack: 0x000000aff8800000,0x000000aff8900000] [id=15512]
  0x0000026081808000 ConcurrentGCThread "G1 Main Marker" [stack: 0x000000aff6b00000,0x000000aff6c00000] [id=8816]
  0x0000026081809000 ConcurrentGCThread "G1 Conc#0" [stack: 0x000000aff6c00000,0x000000aff6d00000] [id=3592]
  0x0000026081861000 ConcurrentGCThread "G1 Refine#0" [stack: 0x000000aff6d00000,0x000000aff6e00000] [id=72]
  0x00000260a07d0800 ConcurrentGCThread "G1 Refine#1" [stack: 0x000000aff7e00000,0x000000aff7f00000] [id=11900]
  0x00000260a07cd000 ConcurrentGCThread "G1 Refine#2" [stack: 0x000000aff7f00000,0x000000aff8000000] [id=14828]
  0x0000026081864000 ConcurrentGCThread "G1 Young RemSet Sampling" [stack: 0x000000aff6e00000,0x000000aff6f00000] [id=7580]

Threads with active compile tasks:

VM state:at safepoint (normal execution)

VM Mutex/Monitor currently owned by a thread:  ([mutex/lock_event])
[0x00000260817c6e70] Threads_lock - owner thread: 0x000002609f875000
[0x00000260817c68d0] Heap_lock - owner thread: 0x00000260a0ba0800

Heap address: 0x00000000c1800000, size: 1000 MB, Compressed Oops mode: 32-bit
Narrow klass base: 0x0000000800000000, Narrow klass shift: 3
Compressed class space size: 1073741824 Address: 0x0000000800b30000

Heap:
 garbage-first heap   total 73728K, used 16606K [0x00000000c1800000, 0x0000000100000000)
  region size 1024K, 4 young (4096K), 4 survivors (4096K)
 Metaspace       used 28953K, capacity 30172K, committed 30256K, reserved 1075200K
  class space    used 3990K, capacity 4452K, committed 4480K, reserved 1048576K
Heap Regions: E=young(eden), S=young(survivor), O=old, HS=humongous(starts), HC=humongous(continues), CS=collection set, F=free, OA=open archive, CA=closed archive, TAMS=top-at-mark-start (previous, next)
|   0|0x00000000c1800000, 0x00000000c1900000, 0x00000000c1900000|100%|HS|  |TAMS 0x00000000c1900000, 0x00000000c1800000| Complete 
|   1|0x00000000c1900000, 0x00000000c1a00000, 0x00000000c1a00000|100%| O|  |TAMS 0x00000000c1a00000, 0x00000000c1900000| Untracked 
|   2|0x00000000c1a00000, 0x00000000c1b00000, 0x00000000c1b00000|100%| O|  |TAMS 0x00000000c1b00000, 0x00000000c1a00000| Untracked 
|   3|0x00000000c1b00000, 0x00000000c1c00000, 0x00000000c1c00000|100%| O|  |TAMS 0x00000000c1c00000, 0x00000000c1b00000| Untracked 
|   4|0x00000000c1c00000, 0x00000000c1d00000, 0x00000000c1d00000|100%| O|  |TAMS 0x00000000c1d00000, 0x00000000c1c00000| Untracked 
|   5|0x00000000c1d00000, 0x00000000c1e00000, 0x00000000c1e00000|100%| O|  |TAMS 0x00000000c1e00000, 0x00000000c1d00000| Untracked 
|   6|0x00000000c1e00000, 0x00000000c1f00000, 0x00000000c1f00000|100%| O|  |TAMS 0x00000000c1f00000, 0x00000000c1e00000| Untracked 
|   7|0x00000000c1f00000, 0x00000000c1f9aa00, 0x00000000c2000000| 60%| O|  |TAMS 0x00000000c1f14c00, 0x00000000c1f00000| Untracked 
|   8|0x00000000c2000000, 0x00000000c2100000, 0x00000000c2100000|100%| O|  |TAMS 0x00000000c2000000, 0x00000000c2000000| Untracked 
|   9|0x00000000c2100000, 0x00000000c2200000, 0x00000000c2200000|100%| O|  |TAMS 0x00000000c2100000, 0x00000000c2100000| Untracked 
|  10|0x00000000c2200000, 0x00000000c2300000, 0x00000000c2300000|100%| O|  |TAMS 0x00000000c2200000, 0x00000000c2200000| Untracked 
|  11|0x00000000c2300000, 0x00000000c2400000, 0x00000000c2400000|100%| O|  |TAMS 0x00000000c2300000, 0x00000000c2300000| Untracked 
|  12|0x00000000c2400000, 0x00000000c2500000, 0x00000000c2500000|100%| O|  |TAMS 0x00000000c2400000, 0x00000000c2400000| Untracked 
|  13|0x00000000c2500000, 0x00000000c2583e00, 0x00000000c2600000| 51%| O|  |TAMS 0x00000000c2500000, 0x00000000c2500000| Untracked 
|  14|0x00000000c2600000, 0x00000000c2600000, 0x00000000c2700000|  0%| F|  |TAMS 0x00000000c2600000, 0x00000000c2600000| Untracked 
|  15|0x00000000c2700000, 0x00000000c2700000, 0x00000000c2800000|  0%| F|  |TAMS 0x00000000c2700000, 0x00000000c2700000| Untracked 
|  16|0x00000000c2800000, 0x00000000c2800000, 0x00000000c2900000|  0%| F|  |TAMS 0x00000000c2800000, 0x00000000c2800000| Untracked 
|  17|0x00000000c2900000, 0x00000000c2900000, 0x00000000c2a00000|  0%| F|  |TAMS 0x00000000c2900000, 0x00000000c2900000| Untracked 
|  18|0x00000000c2a00000, 0x00000000c2a00000, 0x00000000c2b00000|  0%| F|  |TAMS 0x00000000c2a00000, 0x00000000c2a00000| Untracked 
|  19|0x00000000c2b00000, 0x00000000c2b00000, 0x00000000c2c00000|  0%| F|  |TAMS 0x00000000c2b00000, 0x00000000c2b00000| Untracked 
|  20|0x00000000c2c00000, 0x00000000c2c193e0, 0x00000000c2d00000|  9%| S|CS|TAMS 0x00000000c2c00000, 0x00000000c2c00000| Complete 
|  21|0x00000000c2d00000, 0x00000000c2e00000, 0x00000000c2e00000|100%| S|CS|TAMS 0x00000000c2d00000, 0x00000000c2d00000| Complete 
|  22|0x00000000c2e00000, 0x00000000c2f00000, 0x00000000c2f00000|100%| S|CS|TAMS 0x00000000c2e00000, 0x00000000c2e00000| Complete 
|  23|0x00000000c2f00000, 0x00000000c3000000, 0x00000000c3000000|100%| S|CS|TAMS 0x00000000c2f00000, 0x00000000c2f00000| Complete 
|  24|0x00000000c3000000, 0x00000000c3000000, 0x00000000c3100000|  0%| F|  |TAMS 0x00000000c3000000, 0x00000000c3000000| Untracked 
|  25|0x00000000c3100000, 0x00000000c3100000, 0x00000000c3200000|  0%| F|  |TAMS 0x00000000c3100000, 0x00000000c3100000| Untracked 
|  26|0x00000000c3200000, 0x00000000c3200000, 0x00000000c3300000|  0%| F|  |TAMS 0x00000000c3200000, 0x00000000c3200000| Untracked 
|  27|0x00000000c3300000, 0x00000000c3300000, 0x00000000c3400000|  0%| F|  |TAMS 0x00000000c3300000, 0x00000000c3300000| Untracked 
|  28|0x00000000c3400000, 0x00000000c3400000, 0x00000000c3500000|  0%| F|  |TAMS 0x00000000c3400000, 0x00000000c3400000| Untracked 
|  29|0x00000000c3500000, 0x00000000c3500000, 0x00000000c3600000|  0%| F|  |TAMS 0x00000000c3500000, 0x00000000c3500000| Untracked 
|  30|0x00000000c3600000, 0x00000000c3600000, 0x00000000c3700000|  0%| F|  |TAMS 0x00000000c3600000, 0x00000000c3600000| Untracked 
|  31|0x00000000c3700000, 0x00000000c3700000, 0x00000000c3800000|  0%| F|  |TAMS 0x00000000c3700000, 0x00000000c3700000| Untracked 
|  32|0x00000000c3800000, 0x00000000c3800000, 0x00000000c3900000|  0%| F|  |TAMS 0x00000000c3800000, 0x00000000c3800000| Untracked 
|  33|0x00000000c3900000, 0x00000000c3900000, 0x00000000c3a00000|  0%| F|  |TAMS 0x00000000c3900000, 0x00000000c3900000| Untracked 
|  34|0x00000000c3a00000, 0x00000000c3a00000, 0x00000000c3b00000|  0%| F|  |TAMS 0x00000000c3a00000, 0x00000000c3a00000| Untracked 
|  35|0x00000000c3b00000, 0x00000000c3b00000, 0x00000000c3c00000|  0%| F|  |TAMS 0x00000000c3b00000, 0x00000000c3b00000| Untracked 
|  36|0x00000000c3c00000, 0x00000000c3c00000, 0x00000000c3d00000|  0%| F|  |TAMS 0x00000000c3c00000, 0x00000000c3c00000| Untracked 
|  37|0x00000000c3d00000, 0x00000000c3d00000, 0x00000000c3e00000|  0%| F|  |TAMS 0x00000000c3d00000, 0x00000000c3d00000| Untracked 
|  38|0x00000000c3e00000, 0x00000000c3e00000, 0x00000000c3f00000|  0%| F|  |TAMS 0x00000000c3e00000, 0x00000000c3e00000| Untracked 
|  39|0x00000000c3f00000, 0x00000000c3f00000, 0x00000000c4000000|  0%| F|  |TAMS 0x00000000c3f00000, 0x00000000c3f00000| Untracked 
|  40|0x00000000c4000000, 0x00000000c4000000, 0x00000000c4100000|  0%| F|  |TAMS 0x00000000c4000000, 0x00000000c4000000| Untracked 
|  41|0x00000000c4100000, 0x00000000c4100000, 0x00000000c4200000|  0%| F|  |TAMS 0x00000000c4100000, 0x00000000c4100000| Untracked 
|  42|0x00000000c4200000, 0x00000000c4200000, 0x00000000c4300000|  0%| F|  |TAMS 0x00000000c4200000, 0x00000000c4200000| Untracked 
|  43|0x00000000c4300000, 0x00000000c4300000, 0x00000000c4400000|  0%| F|  |TAMS 0x00000000c4300000, 0x00000000c4300000| Untracked 
|  44|0x00000000c4400000, 0x00000000c4400000, 0x00000000c4500000|  0%| F|  |TAMS 0x00000000c4400000, 0x00000000c4400000| Untracked 
|  45|0x00000000c4500000, 0x00000000c4500000, 0x00000000c4600000|  0%| F|  |TAMS 0x00000000c4500000, 0x00000000c4500000| Untracked 
|  46|0x00000000c4600000, 0x00000000c4600000, 0x00000000c4700000|  0%| F|  |TAMS 0x00000000c4600000, 0x00000000c4600000| Untracked 
|  47|0x00000000c4700000, 0x00000000c4700000, 0x00000000c4800000|  0%| F|  |TAMS 0x00000000c4700000, 0x00000000c4700000| Untracked 
|  48|0x00000000c4800000, 0x00000000c4800000, 0x00000000c4900000|  0%| F|  |TAMS 0x00000000c4800000, 0x00000000c4800000| Untracked 
|  49|0x00000000c4900000, 0x00000000c4900000, 0x00000000c4a00000|  0%| F|  |TAMS 0x00000000c4900000, 0x00000000c4900000| Untracked 
|  50|0x00000000c4a00000, 0x00000000c4a00000, 0x00000000c4b00000|  0%| F|  |TAMS 0x00000000c4a00000, 0x00000000c4a00000| Untracked 
|  51|0x00000000c4b00000, 0x00000000c4b00000, 0x00000000c4c00000|  0%| F|  |TAMS 0x00000000c4b00000, 0x00000000c4b00000| Untracked 
|  52|0x00000000c4c00000, 0x00000000c4c00000, 0x00000000c4d00000|  0%| F|  |TAMS 0x00000000c4c00000, 0x00000000c4c00000| Untracked 
|  53|0x00000000c4d00000, 0x00000000c4d00000, 0x00000000c4e00000|  0%| F|  |TAMS 0x00000000c4d00000, 0x00000000c4d00000| Untracked 
|  54|0x00000000c4e00000, 0x00000000c4e00000, 0x00000000c4f00000|  0%| F|  |TAMS 0x00000000c4e00000, 0x00000000c4e00000| Untracked 
|  55|0x00000000c4f00000, 0x00000000c4f00000, 0x00000000c5000000|  0%| F|  |TAMS 0x00000000c4f00000, 0x00000000c4f00000| Untracked 
|  56|0x00000000c5000000, 0x00000000c5000000, 0x00000000c5100000|  0%| F|  |TAMS 0x00000000c5000000, 0x00000000c5000000| Untracked 
|  57|0x00000000c5100000, 0x00000000c5100000, 0x00000000c5200000|  0%| F|  |TAMS 0x00000000c5100000, 0x00000000c5100000| Untracked 
|  75|0x00000000c6300000, 0x00000000c6300000, 0x00000000c6400000|  0%| F|  |TAMS 0x00000000c6300000, 0x00000000c6300000| Untracked 
|  76|0x00000000c6400000, 0x00000000c6400000, 0x00000000c6500000|  0%| F|  |TAMS 0x00000000c6400000, 0x00000000c6400000| Untracked 

Card table byte_map: [0x000002609afa0000,0x000002609b1a0000] _byte_map_base: 0x000002609a994000

Marking Bits (Prev, Next): (CMBitMap*) 0x00000260817fed58, (CMBitMap*) 0x00000260817fed18
 Prev Bits: [0x000002609c340000, 0x000002609d2e0000)
 Next Bits: [0x000002609b3a0000, 0x000002609c340000)

Polling page: 0x00000260815b0000

Metaspace:

Usage:
  Non-class:     25.12 MB capacity,    24.38 MB ( 97%) used,   640.22 KB (  2%) free+waste,   116.13 KB ( <1%) overhead. 
      Class:      4.35 MB capacity,     3.90 MB ( 90%) used,   402.28 KB (  9%) free+waste,    59.56 KB (  1%) overhead. 
       Both:     29.46 MB capacity,    28.28 MB ( 96%) used,     1.02 MB (  3%) free+waste,   175.69 KB ( <1%) overhead. 

Virtual space:
  Non-class space:       26.00 MB reserved,      25.17 MB ( 97%) committed 
      Class space:        1.00 GB reserved,       4.38 MB ( <1%) committed 
             Both:        1.03 GB reserved,      29.55 MB (  3%) committed 

Chunk freelists:
   Non-Class:  56.00 KB
       Class:  28.00 KB
        Both:  84.00 KB

MaxMetaspaceSize: 17179869184.00 GB
CompressedClassSpaceSize: 1.00 GB

CodeHeap 'non-profiled nmethods': size=238912Kb used=5645Kb max_used=5645Kb free=233266Kb
 bounds [0x000002608be30000, 0x000002608c3c0000, 0x000002609a780000]
CodeHeap 'non-nmethods': size=6848Kb used=1229Kb max_used=1229Kb free=5618Kb
 bounds [0x000002608b780000, 0x000002608b9f0000, 0x000002608be30000]
 total_blobs=4087 nmethods=3585 adapters=429
 compilation: enabled
              stopped_count=0, restarted_count=0
 full_count=0

Compilation events (20 events):
Event: 4.476 Thread 0x000002609f8ac000 3576       1       jdk.internal.loader.ClassLoaders::platformClassLoader (4 bytes)
Event: 4.476 Thread 0x000002609f8ac000 nmethod 3576 0x000002608c3b0d10 code [0x000002608c3b0ea0, 0x000002608c3b0f38]
Event: 4.500 Thread 0x000002609f8ac000 3577       1       java.util.Spliterators$ArraySpliterator::tryAdvance (58 bytes)
Event: 4.500 Thread 0x000002609f8ac000 nmethod 3577 0x000002608c3b1010 code [0x000002608c3b11c0, 0x000002608c3b13f8]
Event: 4.536 Thread 0x000002609f8ac000 3578       1       java.lang.Class::getConstructor (31 bytes)
Event: 4.537 Thread 0x000002609f8ac000 nmethod 3578 0x000002608c3b1510 code [0x000002608c3b1700, 0x000002608c3b1a58]
Event: 4.547 Thread 0x000002609f8ac000 3579       1       java.util.stream.StreamSupport::intStream (14 bytes)
Event: 4.547 Thread 0x000002609f8ac000 nmethod 3579 0x000002608c3b1c90 code [0x000002608c3b1e40, 0x000002608c3b1fb8]
Event: 4.547 Thread 0x000002609f8ac000 3580       1       java.util.stream.IntPipeline$Head::<init> (8 bytes)
Event: 4.547 Thread 0x000002609f8ac000 nmethod 3580 0x000002608c3b2090 code [0x000002608c3b2220, 0x000002608c3b2308]
Event: 4.547 Thread 0x000002609f8ac000 3581       1       java.util.stream.IntPipeline::<init> (8 bytes)
Event: 4.548 Thread 0x000002609f8ac000 nmethod 3581 0x000002608c3b2390 code [0x000002608c3b2520, 0x000002608c3b2608]
Event: 4.548 Thread 0x000002609f8ac000 3582       1       java.util.Calendar::internalGet (7 bytes)
Event: 4.548 Thread 0x000002609f8ac000 nmethod 3582 0x000002608c3b2690 code [0x000002608c3b2820, 0x000002608c3b2918]
Event: 4.587 Thread 0x000002609f8ac000 3583       1       java.io.ObjectStreamClass::hasWriteObjectMethod (17 bytes)
Event: 4.587 Thread 0x000002609f8ac000 nmethod 3583 0x000002608c3b2a10 code [0x000002608c3b2bc0, 0x000002608c3b2d88]
Event: 4.587 Thread 0x000002609f8ac000 3584       1       java.lang.ThreadLocal::set (30 bytes)
Event: 4.587 Thread 0x000002609f8ac000 nmethod 3584 0x000002608c3b2e90 code [0x000002608c3b3040, 0x000002608c3b31c8]
Event: 4.665 Thread 0x000002609f8ac000 3585       1       java.util.AbstractList$Itr::hasNext (20 bytes)
Event: 4.666 Thread 0x000002609f8ac000 nmethod 3585 0x000002608c3b3290 code [0x000002608c3b3420, 0x000002608c3b3548]

GC Heap History (20 events):
Event: 1.135 GC heap after
{Heap after GC invocations=3 (full 0):
 garbage-first heap   total 65536K, used 7526K [0x00000000c1800000, 0x0000000100000000)
  region size 1024K, 2 young (2048K), 2 survivors (2048K)
 Metaspace       used 7171K, capacity 7565K, committed 7808K, reserved 1056768K
  class space    used 919K, capacity 1075K, committed 1152K, reserved 1048576K
}
Event: 1.338 GC heap before
{Heap before GC invocations=3 (full 0):
 garbage-first heap   total 65536K, used 42342K [0x00000000c1800000, 0x0000000100000000)
  region size 1024K, 37 young (37888K), 2 survivors (2048K)
 Metaspace       used 8337K, capacity 8782K, committed 8960K, reserved 1056768K
  class space    used 1100K, capacity 1270K, committed 1280K, reserved 1048576K
}
Event: 1.341 GC heap after
{Heap after GC invocations=4 (full 0):
 garbage-first heap   total 65536K, used 7951K [0x00000000c1800000, 0x0000000100000000)
  region size 1024K, 2 young (2048K), 2 survivors (2048K)
 Metaspace       used 8337K, capacity 8782K, committed 8960K, reserved 1056768K
  class space    used 1100K, capacity 1270K, committed 1280K, reserved 1048576K
}
Event: 1.629 GC heap before
{Heap before GC invocations=4 (full 0):
 garbage-first heap   total 65536K, used 44815K [0x00000000c1800000, 0x0000000100000000)
  region size 1024K, 38 young (38912K), 2 survivors (2048K)
 Metaspace       used 12183K, capacity 12746K, committed 13056K, reserved 1060864K
  class space    used 1732K, capacity 1933K, committed 2048K, reserved 1048576K
}
Event: 1.635 GC heap after
{Heap after GC invocations=5 (full 0):
 garbage-first heap   total 78848K, used 8860K [0x00000000c1800000, 0x0000000100000000)
  region size 1024K, 3 young (3072K), 3 survivors (3072K)
 Metaspace       used 12183K, capacity 12746K, committed 13056K, reserved 1060864K
  class space    used 1732K, capacity 1933K, committed 2048K, reserved 1048576K
}
Event: 2.232 GC heap before
{Heap before GC invocations=5 (full 0):
 garbage-first heap   total 78848K, used 51868K [0x00000000c1800000, 0x0000000100000000)
  region size 1024K, 46 young (47104K), 3 survivors (3072K)
 Metaspace       used 17325K, capacity 18005K, committed 18048K, reserved 1064960K
  class space    used 2387K, capacity 2648K, committed 2688K, reserved 1048576K
}
Event: 2.242 GC heap after
{Heap after GC invocations=6 (full 0):
 garbage-first heap   total 78848K, used 10470K [0x00000000c1800000, 0x0000000100000000)
  region size 1024K, 5 young (5120K), 5 survivors (5120K)
 Metaspace       used 17325K, capacity 18005K, committed 18048K, reserved 1064960K
  class space    used 2387K, capacity 2648K, committed 2688K, reserved 1048576K
}
Event: 2.354 GC heap before
{Heap before GC invocations=6 (full 0):
 garbage-first heap   total 78848K, used 51430K [0x00000000c1800000, 0x0000000100000000)
  region size 1024K, 46 young (47104K), 5 survivors (5120K)
 Metaspace       used 17821K, capacity 18522K, committed 18688K, reserved 1064960K
  class space    used 2445K, capacity 2715K, committed 2816K, reserved 1048576K
}
Event: 2.361 GC heap after
{Heap after GC invocations=7 (full 0):
 garbage-first heap   total 78848K, used 10684K [0x00000000c1800000, 0x0000000100000000)
  region size 1024K, 4 young (4096K), 4 survivors (4096K)
 Metaspace       used 17821K, capacity 18522K, committed 18688K, reserved 1064960K
  class space    used 2445K, capacity 2715K, committed 2816K, reserved 1048576K
}
Event: 3.089 GC heap before
{Heap before GC invocations=7 (full 0):
 garbage-first heap   total 78848K, used 51644K [0x00000000c1800000, 0x0000000100000000)
  region size 1024K, 45 young (46080K), 4 survivors (4096K)
 Metaspace       used 20330K, capacity 21138K, committed 21296K, reserved 1067008K
  class space    used 2813K, capacity 3089K, committed 3200K, reserved 1048576K
}
Event: 3.097 GC heap after
{Heap after GC invocations=8 (full 0):
 garbage-first heap   total 78848K, used 12366K [0x00000000c1800000, 0x0000000100000000)
  region size 1024K, 5 young (5120K), 5 survivors (5120K)
 Metaspace       used 20330K, capacity 21138K, committed 21296K, reserved 1067008K
  class space    used 2813K, capacity 3089K, committed 3200K, reserved 1048576K
}
Event: 3.571 GC heap before
{Heap before GC invocations=9 (full 0):
 garbage-first heap   total 51200K, used 37966K [0x00000000c1800000, 0x0000000100000000)
  region size 1024K, 30 young (30720K), 5 survivors (5120K)
 Metaspace       used 22660K, capacity 23604K, committed 23728K, reserved 1069056K
  class space    used 3181K, capacity 3526K, committed 3584K, reserved 1048576K
}
Event: 3.580 GC heap after
{Heap after GC invocations=10 (full 0):
 garbage-first heap   total 61440K, used 13554K [0x00000000c1800000, 0x0000000100000000)
  region size 1024K, 4 young (4096K), 4 survivors (4096K)
 Metaspace       used 22660K, capacity 23604K, committed 23728K, reserved 1069056K
  class space    used 3181K, capacity 3526K, committed 3584K, reserved 1048576K
}
Event: 3.960 GC heap before
{Heap before GC invocations=10 (full 0):
 garbage-first heap   total 61440K, used 45298K [0x00000000c1800000, 0x0000000100000000)
  region size 1024K, 36 young (36864K), 4 survivors (4096K)
 Metaspace       used 25284K, capacity 26276K, committed 26416K, reserved 1071104K
  class space    used 3538K, capacity 3922K, committed 3968K, reserved 1048576K
}
Event: 3.969 GC heap after
{Heap after GC invocations=11 (full 0):
 garbage-first heap   total 61440K, used 15279K [0x00000000c1800000, 0x0000000100000000)
  region size 1024K, 4 young (4096K), 4 survivors (4096K)
 Metaspace       used 25284K, capacity 26276K, committed 26416K, reserved 1071104K
  class space    used 3538K, capacity 3922K, committed 3968K, reserved 1048576K
}
Event: 4.016 GC heap before
{Heap before GC invocations=11 (full 0):
 garbage-first heap   total 61440K, used 47023K [0x00000000c1800000, 0x0000000100000000)
  region size 1024K, 36 young (36864K), 4 survivors (4096K)
 Metaspace       used 25500K, capacity 26519K, committed 26672K, reserved 1073152K
  class space    used 3557K, capacity 3960K, committed 3968K, reserved 1048576K
}
Event: 4.022 GC heap after
{Heap after GC invocations=12 (full 0):
 garbage-first heap   total 61440K, used 15482K [0x00000000c1800000, 0x0000000100000000)
  region size 1024K, 2 young (2048K), 2 survivors (2048K)
 Metaspace       used 25500K, capacity 26519K, committed 26672K, reserved 1073152K
  class space    used 3557K, capacity 3960K, committed 3968K, reserved 1048576K
}
Event: 4.059 GC heap before
{Heap before GC invocations=12 (full 0):
 garbage-first heap   total 61440K, used 48250K [0x00000000c1800000, 0x0000000100000000)
  region size 1024K, 35 young (35840K), 2 survivors (2048K)
 Metaspace       used 25816K, capacity 26880K, committed 27056K, reserved 1073152K
  class space    used 3583K, capacity 3995K, committed 4096K, reserved 1048576K
}
Event: 4.064 GC heap after
{Heap after GC invocations=13 (full 0):
 garbage-first heap   total 61440K, used 15890K [0x00000000c1800000, 0x0000000100000000)
  region size 1024K, 3 young (3072K), 3 survivors (3072K)
 Metaspace       used 25816K, capacity 26880K, committed 27056K, reserved 1073152K
  class space    used 3583K, capacity 3995K, committed 4096K, reserved 1048576K
}
Event: 4.670 GC heap before
{Heap before GC invocations=13 (full 0):
 garbage-first heap   total 61440K, used 48658K [0x00000000c1800000, 0x0000000100000000)
  region size 1024K, 36 young (36864K), 3 survivors (3072K)
 Metaspace       used 28953K, capacity 30172K, committed 30256K, reserved 1075200K
  class space    used 3990K, capacity 4452K, committed 4480K, reserved 1048576K
}

Deoptimization events (2 events):
Event: 3.113 Thread 0x00000260a0ba0800 DEOPT PACKING pc=0x000002608c0dcc24 sp=0x000000aff85fc960
Event: 3.113 Thread 0x00000260a0ba0800 DEOPT UNPACKING pc=0x000002608b7c964e sp=0x000000aff85fbed8 mode 0

Classes unloaded (0 events):
No events

Classes redefined (0 events):
No events

Internal exceptions (20 events):
Event: 4.331 Thread 0x00000260a0ba0800 Exception <a 'java/lang/NullPointerException'{0x00000000c415fbc0}> (0x00000000c415fbc0) 
thrown [./open/src/hotspot/share/runtime/sharedRuntime.cpp, line 584]
Event: 4.331 Thread 0x00000260a0ba0800 Implicit null exception at 0x000002608c1a856d to 0x000002608c1a88af
Event: 4.331 Thread 0x00000260a0ba0800 Exception <a 'java/lang/NullPointerException'{0x00000000c4161200}> (0x00000000c4161200) 
thrown [./open/src/hotspot/share/runtime/sharedRuntime.cpp, line 584]
Event: 4.331 Thread 0x00000260a0ba0800 Implicit null exception at 0x000002608c1a856d to 0x000002608c1a88af
Event: 4.331 Thread 0x00000260a0ba0800 Exception <a 'java/lang/NullPointerException'{0x00000000c4162850}> (0x00000000c4162850) 
thrown [./open/src/hotspot/share/runtime/sharedRuntime.cpp, line 584]
Event: 4.331 Thread 0x00000260a0ba0800 Implicit null exception at 0x000002608c1a856d to 0x000002608c1a88af
Event: 4.331 Thread 0x00000260a0ba0800 Exception <a 'java/lang/NullPointerException'{0x00000000c4163ed8}> (0x00000000c4163ed8) 
thrown [./open/src/hotspot/share/runtime/sharedRuntime.cpp, line 584]
Event: 4.331 Thread 0x00000260a0ba0800 Implicit null exception at 0x000002608c1a856d to 0x000002608c1a88af
Event: 4.332 Thread 0x00000260a0ba0800 Exception <a 'java/lang/NullPointerException'{0x00000000c4165518}> (0x00000000c4165518) 
thrown [./open/src/hotspot/share/runtime/sharedRuntime.cpp, line 584]
Event: 4.332 Thread 0x00000260a0ba0800 Implicit null exception at 0x000002608c1a856d to 0x000002608c1a88af
Event: 4.332 Thread 0x00000260a0ba0800 Exception <a 'java/lang/NullPointerException'{0x00000000c4166bb8}> (0x00000000c4166bb8) 
thrown [./open/src/hotspot/share/runtime/sharedRuntime.cpp, line 584]
Event: 4.332 Thread 0x00000260a0ba0800 Implicit null exception at 0x000002608c1a856d to 0x000002608c1a88af
Event: 4.332 Thread 0x00000260a0ba0800 Exception <a 'java/lang/NullPointerException'{0x00000000c4168240}> (0x00000000c4168240) 
thrown [./open/src/hotspot/share/runtime/sharedRuntime.cpp, line 584]
Event: 4.332 Thread 0x00000260a0ba0800 Implicit null exception at 0x000002608c1a856d to 0x000002608c1a88af
Event: 4.332 Thread 0x00000260a0ba0800 Exception <a 'java/lang/NullPointerException'{0x00000000c4169880}> (0x00000000c4169880) 
thrown [./open/src/hotspot/share/runtime/sharedRuntime.cpp, line 584]
Event: 4.332 Thread 0x00000260a0ba0800 Implicit null exception at 0x000002608c1a856d to 0x000002608c1a88af
Event: 4.332 Thread 0x00000260a0ba0800 Exception <a 'java/lang/NullPointerException'{0x00000000c416aec0}> (0x00000000c416aec0) 
thrown [./open/src/hotspot/share/runtime/sharedRuntime.cpp, line 584]
Event: 4.332 Thread 0x00000260a0ba0800 Implicit null exception at 0x000002608c1a856d to 0x000002608c1a88af
Event: 4.332 Thread 0x00000260a0ba0800 Exception <a 'java/lang/NullPointerException'{0x00000000c416c500}> (0x00000000c416c500) 
thrown [./open/src/hotspot/share/runtime/sharedRuntime.cpp, line 584]
Event: 4.586 Thread 0x00000260a0a45000 Exception <a 'java/lang/reflect/InvocationTargetException'{0x00000000c4b060d0}> (0x00000000c4b060d0) 
thrown [./open/src/hotspot/share/runtime/reflection.cpp, line 1188]

Events (20 events):
Event: 4.219 loading class java/time/DurationEditor
Event: 4.219 loading class java/time/DurationEditor done
Event: 4.238 loading class java/lang/ObjectCustomizer
Event: 4.238 loading class java/lang/ObjectCustomizer done
Event: 4.239 loading class java/lang/ObjectCustomizer
Event: 4.239 loading class java/lang/ObjectCustomizer done
Event: 4.326 loading class java/util/concurrent/Executors$FinalizableDelegatedExecutorService
Event: 4.326 loading class java/util/concurrent/Executors$DelegatedExecutorService
Event: 4.327 loading class java/util/concurrent/Executors$DelegatedExecutorService done
Event: 4.327 loading class java/util/concurrent/Executors$FinalizableDelegatedExecutorService done
Event: 4.327 Thread 0x00000260a0ba2000 Thread added: 0x00000260a0ba2000
Event: 4.362 loading class jdk/internal/vm/annotation/Hidden
Event: 4.362 loading class jdk/internal/vm/annotation/Hidden done
Event: 4.379 loading class javax/naming/Referenceable
Event: 4.379 loading class javax/naming/Referenceable done
Event: 4.401 loading class java/io/ObjectStreamException
Event: 4.401 loading class java/io/ObjectStreamException done
Event: 4.582 loading class java/lang/Process
Event: 4.583 loading class java/lang/Process done
Event: 4.670 Executing VM operation: G1CollectForAllocation


Dynamic libraries:
0x00007ff7a88f0000 - 0x00007ff7a88ff000 	C:\Program Files\Java\jdk-14.0.2\bin\javaw.exe
0x00007ffc52a40000 - 0x00007ffc52c30000 	C:\WINDOWS\SYSTEM32\ntdll.dll
0x00007ffc50d20000 - 0x00007ffc50dd2000 	C:\WINDOWS\System32\KERNEL32.DLL
0x00007ffc50660000 - 0x00007ffc50905000 	C:\WINDOWS\System32\KERNELBASE.dll
0x00007ffc509c0000 - 0x00007ffc50aba000 	C:\WINDOWS\System32\ucrtbase.dll
0x00007ffc3f230000 - 0x00007ffc3f248000 	C:\Program Files\Java\jdk-14.0.2\bin\jli.dll
0x00007ffc51130000 - 0x00007ffc511d3000 	C:\WINDOWS\System32\ADVAPI32.dll
0x00007ffc50c80000 - 0x00007ffc50d1e000 	C:\WINDOWS\System32\msvcrt.dll
0x00007ffc51020000 - 0x00007ffc510b7000 	C:\WINDOWS\System32\sechost.dll
0x00007ffc52180000 - 0x00007ffc522a0000 	C:\WINDOWS\System32\RPCRT4.dll
0x00007ffc51c20000 - 0x00007ffc51db5000 	C:\WINDOWS\System32\USER32.dll
0x00007ffc4fd70000 - 0x00007ffc4fd91000 	C:\WINDOWS\System32\win32u.dll
0x00007ffc51400000 - 0x00007ffc51426000 	C:\WINDOWS\System32\GDI32.dll
0x00007ffc4fbd0000 - 0x00007ffc4fd66000 	C:\WINDOWS\System32\gdi32full.dll
0x00007ffc4fda0000 - 0x00007ffc4fe3e000 	C:\WINDOWS\System32\msvcp_win.dll
0x00007ffc3f280000 - 0x00007ffc3f295000 	C:\Program Files\Java\jdk-14.0.2\bin\VCRUNTIME140.dll
0x00007ffc40070000 - 0x00007ffc402f4000 	C:\WINDOWS\WinSxS\amd64_microsoft.windows.common-controls_6595b64144ccf1df_6.0.18362.1082_none_9e8193e1e45b25c1\COMCTL32.dll
0x00007ffc51e40000 - 0x00007ffc52175000 	C:\WINDOWS\System32\combase.dll
0x00007ffc505e0000 - 0x00007ffc50660000 	C:\WINDOWS\System32\bcryptPrimitives.dll
0x00007ffc42160000 - 0x00007ffc4216a000 	C:\WINDOWS\SYSTEM32\VERSION.dll
0x00007ffc51490000 - 0x00007ffc514be000 	C:\WINDOWS\System32\IMM32.DLL
0x00007ffc2e370000 - 0x00007ffc2e40b000 	C:\Program Files\Java\jdk-14.0.2\bin\msvcp140.dll
0x00007ffc0d260000 - 0x00007ffc0dd7e000 	C:\Program Files\Java\jdk-14.0.2\bin\server\jvm.dll
0x00007ffc50ba0000 - 0x00007ffc50ba8000 	C:\WINDOWS\System32\PSAPI.DLL
0x00007ffc3c070000 - 0x00007ffc3c079000 	C:\WINDOWS\SYSTEM32\WSOCK32.dll
0x00007ffc510c0000 - 0x00007ffc5112f000 	C:\WINDOWS\System32\WS2_32.dll
0x00007ffc4c590000 - 0x00007ffc4c5b4000 	C:\WINDOWS\SYSTEM32\WINMM.dll
0x00007ffc4c560000 - 0x00007ffc4c58d000 	C:\WINDOWS\SYSTEM32\WINMMBASE.dll
0x00007ffc50970000 - 0x00007ffc509ba000 	C:\WINDOWS\System32\cfgmgr32.dll
0x00007ffc4f9b0000 - 0x00007ffc4f9c1000 	C:\WINDOWS\System32\kernel.appcore.dll
0x00007ffc49940000 - 0x00007ffc4994a000 	C:\Program Files\Java\jdk-14.0.2\bin\jimage.dll
0x00007ffc4be40000 - 0x00007ffc4c034000 	C:\WINDOWS\SYSTEM32\DBGHELP.DLL
0x00007ffc3a9c0000 - 0x00007ffc3a9ea000 	C:\WINDOWS\SYSTEM32\dbgcore.DLL
0x00007ffc2b110000 - 0x00007ffc2b135000 	C:\Program Files\Java\jdk-14.0.2\bin\java.dll
0x00007ffc48c00000 - 0x00007ffc48c16000 	C:\Program Files\Java\jdk-14.0.2\bin\zip.dll
0x00007ffc514c0000 - 0x00007ffc51ba7000 	C:\WINDOWS\System32\SHELL32.dll
0x00007ffc50de0000 - 0x00007ffc50e89000 	C:\WINDOWS\System32\shcore.dll
0x00007ffc4fe60000 - 0x00007ffc505e0000 	C:\WINDOWS\System32\windows.storage.dll
0x00007ffc4f910000 - 0x00007ffc4f933000 	C:\WINDOWS\System32\profapi.dll
0x00007ffc4f960000 - 0x00007ffc4f9aa000 	C:\WINDOWS\System32\powrprof.dll
0x00007ffc4f900000 - 0x00007ffc4f910000 	C:\WINDOWS\System32\UMPDC.dll
0x00007ffc51430000 - 0x00007ffc51482000 	C:\WINDOWS\System32\shlwapi.dll
0x00007ffc4fe40000 - 0x00007ffc4fe57000 	C:\WINDOWS\System32\cryptsp.dll
0x00007ffc2dae0000 - 0x00007ffc2daf9000 	C:\Program Files\Java\jdk-14.0.2\bin\net.dll
0x00007ffc3f610000 - 0x00007ffc3f700000 	C:\WINDOWS\SYSTEM32\WINHTTP.dll
0x00007ffc4f150000 - 0x00007ffc4f1b7000 	C:\WINDOWS\system32\mswsock.dll
0x00007ffc2d860000 - 0x00007ffc2d872000 	C:\Program Files\Java\jdk-14.0.2\bin\nio.dll
0x00007ffc47330000 - 0x00007ffc47339000 	C:\Program Files\Java\jdk-14.0.2\bin\management.dll
0x00007ffc48a40000 - 0x00007ffc48a4b000 	C:\Program Files\Java\jdk-14.0.2\bin\management_ext.dll
0x00007ffc28eb0000 - 0x00007ffc28ec6000 	C:\WINDOWS\system32\napinsp.dll
0x00007ffc28e90000 - 0x00007ffc28eaa000 	C:\WINDOWS\system32\pnrpnsp.dll
0x00007ffc4eea0000 - 0x00007ffc4ef6b000 	C:\WINDOWS\SYSTEM32\DNSAPI.dll
0x00007ffc50eb0000 - 0x00007ffc50eb8000 	C:\WINDOWS\System32\NSI.dll
0x00007ffc4ee60000 - 0x00007ffc4ee9a000 	C:\WINDOWS\SYSTEM32\IPHLPAPI.DLL
0x00007ffc2cb50000 - 0x00007ffc2cb5e000 	C:\WINDOWS\System32\winrnr.dll
0x00007ffc4c170000 - 0x00007ffc4c18c000 	C:\WINDOWS\system32\NLAapi.dll
0x00007ffc4b160000 - 0x00007ffc4b175000 	C:\WINDOWS\system32\wshbth.dll
0x00007ffc3f540000 - 0x00007ffc3f54a000 	C:\Windows\System32\rasadhlp.dll
0x00007ffc40b40000 - 0x00007ffc40bb7000 	C:\WINDOWS\System32\fwpuclnt.dll
0x00007ffc50ac0000 - 0x00007ffc50ae6000 	C:\WINDOWS\System32\bcrypt.dll
0x00007ffc4ecc0000 - 0x00007ffc4ecf3000 	C:\WINDOWS\system32\rsaenh.dll
0x00007ffc4f820000 - 0x00007ffc4f845000 	C:\WINDOWS\SYSTEM32\USERENV.dll
0x00007ffc4f320000 - 0x00007ffc4f32c000 	C:\WINDOWS\SYSTEM32\CRYPTBASE.dll
0x00007ffc419d0000 - 0x00007ffc419e6000 	C:\WINDOWS\SYSTEM32\dhcpcsvc6.DLL
0x00007ffc42170000 - 0x00007ffc4218c000 	C:\WINDOWS\SYSTEM32\dhcpcsvc.DLL

dbghelp: loaded successfully - version: 4.0.5 - missing functions: none
symbol engine: initialized successfully - sym options: 0x614 - pdb path: .;C:\Program Files\Java\jdk-14.0.2\bin;C:\WINDOWS\SYSTEM32;C:\WINDOWS\WinSxS\amd64_microsoft.windows.common-controls_6595b64144ccf1df_6.0.18362.1082_none_9e8193e1e45b25c1;C:\Program Files\Java\jdk-14.0.2\bin\server

VM Arguments:
jvm_args: -Dcom.sun.management.jmxremote -Dcom.sun.management.jmxremote.port=57344 -Dcom.sun.management.jmxremote.authenticate=false -Dcom.sun.management.jmxremote.ssl=false -Djava.rmi.server.hostname=localhost -Dspring.jmx.enabled=true -Dspring.application.admin.enabled=true -Xverify:none -XX:TieredStopAtLevel=1 -Dspring.boot.project.name=SistemaEgressos -Dfile.encoding=UTF-8 
java_command: br.com.egressos.SistemaEgressosApplication --spring.output.ansi.enabled=always
java_class_path (initial): C:\Users\Porto\Documents\workspace-spring-tool-suite-4-4.7.2.RELEASE\SistemaEgressos\target\classes;C:\Users\Porto\.m2\repository\org\springframework\boot\spring-boot-devtools\2.2.9.RELEASE\spring-boot-devtools-2.2.9.RELEASE.jar;C:\Users\Porto\.m2\repository\org\springframework\boot\spring-boot\2.2.9.RELEASE\spring-boot-2.2.9.RELEASE.jar;C:\Users\Porto\.m2\repository\org\springframework\spring-context\5.2.8.RELEASE\spring-context-5.2.8.RELEASE.jar;C:\Users\Porto\.m2\repository\org\springframework\boot\spring-boot-autoconfigure\2.2.9.RELEASE\spring-boot-autoconfigure-2.2.9.RELEASE.jar;C:\Users\Porto\.m2\repository\org\springframework\boot\spring-boot-starter-data-jpa\2.2.9.RELEASE\spring-boot-starter-data-jpa-2.2.9.RELEASE.jar;C:\Users\Porto\.m2\repository\org\springframework\boot\spring-boot-starter-aop\2.2.9.RELEASE\spring-boot-starter-aop-2.2.9.RELEASE.jar;C:\Users\Porto\.m2\repository\org\aspectj\aspectjweaver\1.9.6\aspectjweaver-1.9.6.jar;C:\Users\Porto\.m2\repository\org\springframework\boot\spring-boot-starter-jdbc\2.2.9.RELEASE\spring-boot-starter-jdbc-2.2.9.RELEASE.jar;C:\Users\Porto\.m2\repository\com\zaxxer\HikariCP\3.4.5\HikariCP-3.4.5.jar;C:\Users\Porto\.m2\repository\org\springframework\spring-jdbc\5.2.8.RELEASE\spring-jdbc-5.2.8.RELEASE.jar;C:\Users\Porto\.m2\repository\jakarta\persistence\jakarta.persistence-api\2.2.3\jakarta.persistence-api-2.2.3.jar;C:\Users\Porto\.m2\repository\jakarta\transaction\jakarta.transaction-api\1.3.3\jakarta.transaction-api-1.3.3.jar;C:\Users\Porto\.m2\repository\org\hibernate\hibernate-core\5.4.18.Final\hibernate-core-5.4.18.Final.jar;C:\Users\Porto\.m2\repository\org\javassist\javassist\3.24.0-GA\javassist-3.24.0-GA.jar;C:\Users\Porto\.m2\repository\net\bytebuddy\byte-buddy\1.10.13\byte-buddy-1.10.13.jar;C:\Users\Porto\.m2\repository\antlr\antlr\2.7.7\antlr-2.7.7.jar;C:\Users\Porto\.m2\repository\org\jboss\jandex\2.1.3.Final\jandex-2.1.3.Final.jar;C:\Users\Porto\.m2\repository\com\fasterxml\
Launcher Type: SUN_STANDARD

[Global flags]
     intx CICompilerCount                          = 3                                         {product} {ergonomic}
     uint ConcGCThreads                            = 1                                         {product} {ergonomic}
     uint G1ConcRefinementThreads                  = 4                                         {product} {ergonomic}
   size_t G1HeapRegionSize                         = 1048576                                   {product} {ergonomic}
    uintx GCDrainStackTargetSize                   = 64                                        {product} {ergonomic}
   size_t InitialHeapSize                          = 67108864                                  {product} {ergonomic}
     bool ManagementServer                         = true                                      {product} {command line}
   size_t MarkStackSize                            = 4194304                                   {product} {ergonomic}
   size_t MaxHeapSize                              = 1048576000                                {product} {ergonomic}
   size_t MaxNewSize                               = 629145600                                 {product} {ergonomic}
   size_t MinHeapDeltaBytes                        = 1048576                                   {product} {ergonomic}
   size_t MinHeapSize                              = 8388608                                   {product} {ergonomic}
    uintx NonNMethodCodeHeapSize                   = 6973028                                {pd product} {ergonomic}
    uintx NonProfiledCodeHeapSize                  = 244685212                              {pd product} {ergonomic}
    uintx ProfiledCodeHeapSize                     = 0                                      {pd product} {ergonomic}
    uintx ReservedCodeCacheSize                    = 251658240                              {pd product} {ergonomic}
     bool SegmentedCodeCache                       = true                                      {product} {ergonomic}
   size_t SoftMaxHeapSize                          = 1048576000                             {manageable} {ergonomic}
     intx TieredStopAtLevel                        = 1                                         {product} {command line}
     bool UseCompressedClassPointers               = true                                 {lp64_product} {ergonomic}
     bool UseCompressedOops                        = true                                 {lp64_product} {ergonomic}
     bool UseG1GC                                  = true                                      {product} {ergonomic}
     bool UseLargePagesIndividualAllocation        = false                                  {pd product} {ergonomic}

Logging:
Log output configuration:
 #0: stdout all=warning uptime,level,tags
 #1: stderr all=off uptime,level,tags

Environment Variables:
PATH=C:/Program Files/Java/jdk-14.0.2/bin/server;C:/Program Files/Java/jdk-14.0.2/bin;C:\Program Files\Microsoft MPI\Bin\;C:\Program Files (x86)\Intel\iCLS Client\;C:\Program Files\Intel\iCLS Client\;C:\WINDOWS\system32;C:\WINDOWS;C:\WINDOWS\System32\Wbem;C:\WINDOWS\System32\WindowsPowerShell\v1.0\;C:\Program Files (x86)\Intel\Intel(R) Management Engine Components\DAL;C:\Program Files\Intel\Intel(R) Management Engine Components\DAL;C:\Program Files (x86)\Intel\Intel(R) Management Engine Components\IPT;C:\Program Files\Intel\Intel(R) Management Engine Components\IPT;C:\Program Files\nodejs\;C:\WINDOWS\System32\OpenSSH\;C:\Program Files (x86)\Microsoft SQL Server\150\Tools\Binn\;C:\Program Files\Microsoft SQL Server\150\Tools\Binn\;C:\Program Files (x86)\Microsoft SQL Server\150\DTS\Binn\;C:\Program Files\Microsoft SQL Server\150\DTS\Binn\;C:\Program Files\Microsoft SQL Server\Client SDK\ODBC\170\Tools\Binn\;C:\Users\Porto\AppData\Local\Microsoft\WindowsApps;C:\Users\Porto\AppData\Roaming\npm;C:\Users\Porto\AppData\Local\Programs\Microsoft VS Code\bin;C:\Program Files\Java\jdk-14.0.2\bin;;C:\sts-4.7.2.RELEASE;
USERNAME=Porto
OS=Windows_NT
PROCESSOR_IDENTIFIER=Intel64 Family 6 Model 61 Stepping 4, GenuineIntel



---------------  S Y S T E M  ---------------

OS: Windows 10 , 64 bit Build 18362 (10.0.18362.1082)
OS uptime: 2 days 19:59 hours

CPU:total 4 (initial active 4) (2 cores per cpu, 2 threads per core) family 6 model 61 stepping 4, cmov, cx8, fxsr, mmx, sse, sse2, sse3, ssse3, sse4.1, sse4.2, popcnt, avx, avx2, aes, clmul, erms, 3dnowpref, lzcnt, ht, tsc, tscinvbit, bmi1, bmi2, adx, fma

Memory: 4k page, system-wide physical 3992M (404M free)
TotalPageFile size 12845M (AvailPageFile size 17M)
current process WorkingSet (physical memory assigned to process): 144M, peak: 144M
current process commit charge ("private bytes"): 184M, peak: 196M

vm_info: Java HotSpot(TM) 64-Bit Server VM (14.0.2+12-46) for windows-amd64 JRE (14.0.2+12-46), built on Jul  9 2020 00:35:52 by "mach5one" with MS VC++ 15.9 (VS2017)

END.
